<?xml version="1.0" encoding="UTF-8"?>
<!-- Generated by org.testng.reporters.JUnitXMLReporter -->
<testsuite ignored="0" hostname="AlexandraPC" failures="0" tests="45" name="lamoda test" time="380.15" errors="0" timestamp="2020-01-21T19:08:21 MSK">
  <testcase classname="by.stormnet.web.factory.TestForFactory" name="validationInvalidName" time="1.25"/>
  <testcase classname="by.stormnet.web.factory.TestForFactory" name="validationInvalidName" time="2.093"/>
  <testcase classname="by.stormnet.web.factory.TestForFactory" name="validationInvalidName" time="2.002"/>
  <testcase classname="by.stormnet.web.factory.TestForFactory" name="validationInvalidName" time="1.8"/>
  <testcase classname="by.stormnet.web.CartTests" name="addAndCheckItemInCart" time="5.558"/>
  <testcase classname="by.stormnet.web.CartTests" name="checkRequiredFieldsAreEmpty" time="0.995"/>
  <testcase classname="by.stormnet.web.CartTests" name="addOneMoreItemInCart" time="1.609"/>
  <testcase classname="by.stormnet.web.CartTests" name="removeOneItemFromCart" time="0.865"/>
  <testcase classname="by.stormnet.web.CartTests" name="removeItemAndCheckEmptyCart" time="0.815"/>
  <testcase classname="by.stormnet.web.CartTests" name="fillOrderFieldsAndCheckConfirmation" time="10.718"/>
  <testcase classname="by.stormnet.web.CartTests" name="checkOrderPointIsChosen" time="3.591"/>
  <testcase classname="by.stormnet.web.DeliveryRegionTests" name="checkElementsOnDeliveryPopUp" time="2.823"/>
  <testcase classname="by.stormnet.web.DeliveryRegionTests" name="selectMinskAsDeliveryPoint" time="1.921"/>
  <testcase classname="by.stormnet.web.DeliveryRegionTests" name="checkErrorMessageForWrongCityName" time="2.366"/>
  <testcase classname="by.stormnet.web.LoginTests" name="validationWithEmptyFields" time="1.949"/>
  <testcase classname="by.stormnet.web.LoginTests" name="validationInvalidEmail" time="1.112"/>
  <testcase classname="by.stormnet.web.LoginTests" name="validationShortPassword" time="0.592"/>
  <testcase classname="by.stormnet.web.LoginTests" name="validationDifferentPasswords" time="0.526"/>
  <testcase classname="by.stormnet.web.LoginTests" name="validationInvalidSymbolsPassword" time="0.376"/>
  <testcase classname="by.stormnet.web.BlogTest" name="checkInstaShoppingPageFromBlog" time="5.491"/>
  <testcase classname="by.stormnet.web.BlogTest" name="checkBlogMenu" time="1.869"/>
  <testcase classname="by.stormnet.web.BlogTest" name="checkBlogBeauty" time="0.625"/>
  <testcase classname="by.stormnet.web.BlogTest" name="checkBlogStyle" time="5.325"/>
  <testcase classname="by.stormnet.web.FiltrationTests" name="searchOnLamoda" time="33.506">
    <skipped/>
  </testcase> <!-- searchOnLamoda -->
  <testcase classname="by.stormnet.web.FiltrationTests" name="searchOnLamoda" time="35.259">
    <skipped/>
  </testcase> <!-- searchOnLamoda -->
  <testcase classname="by.stormnet.web.FiltrationTests" name="searchOnLamoda" time="32.977">
    <skipped/>
  </testcase> <!-- searchOnLamoda -->
  <testcase classname="by.stormnet.web.FiltrationTests" name="searchOnLamoda" time="13.862"/>
  <testcase classname="by.stormnet.web.FiltrationTests" name="searchOnLamoda" time="15.463">
    <skipped/>
  </testcase> <!-- searchOnLamoda -->
  <testcase classname="by.stormnet.web.FiltrationTests" name="searchOnLamoda" time="15.402"/>
  <testcase classname="by.stormnet.web.FiltrationTests" name="searchOnLamoda" time="34.311">
    <skipped/>
  </testcase> <!-- searchOnLamoda -->
  <testcase classname="by.stormnet.web.FiltrationTests" name="searchOnLamoda" time="32.808">
    <skipped/>
  </testcase> <!-- searchOnLamoda -->
  <testcase classname="by.stormnet.web.FiltrationTests" name="searchOnLamoda" time="14.737"/>
  <testcase classname="by.stormnet.web.FiltrationTests" name="selectSubCategory" time="3.27"/>
  <testcase classname="by.stormnet.web.FiltrationTests" name="applySoring" time="0.294"/>
  <testcase classname="by.stormnet.web.FiltrationTests" name="sortingIsSaved" time="0.395">
    <skipped/>
  </testcase> <!-- sortingIsSaved -->
  <testcase classname="by.stormnet.web.FiltrationTests" name="sortingIsSaved" time="4.864"/>
  <testcase classname="by.stormnet.web.FiltrationTests" name="applySaleFilter" time="4.916">
    <skipped/>
  </testcase> <!-- applySaleFilter -->
  <testcase classname="by.stormnet.web.FiltrationTests" name="applySaleFilter" time="3.392"/>
  <testcase classname="by.stormnet.web.FiltrationTests" name="saleFilterStays" time="4.949"/>
  <testcase classname="by.stormnet.web.FiltrationTests" name="applyPriceFilter" time="4.922">
    <skipped/>
  </testcase> <!-- applyPriceFilter -->
  <testcase classname="by.stormnet.web.FiltrationTests" name="applyPriceFilter" time="16.006">
    <skipped/>
  </testcase> <!-- applyPriceFilter -->
  <testcase classname="by.stormnet.web.FiltrationTests" name="applyPriceFilter" time="5.619"/>
  <testcase classname="by.stormnet.web.FiltrationTests" name="searchByText" time="1.831"/>
  <testcase classname="by.stormnet.web.FiltrationTests" name="searchByWrongText" time="13.334"/>
  <testcase classname="by.stormnet.web.FiltrationTests" name="navigationFromTopMenu" time="5.99"/>
</testsuite> <!-- lamoda test -->
