<?xml version="1.0" encoding="UTF-8"?>
<!-- Generated by org.testng.reporters.JUnitXMLReporter -->
<testsuite ignored="0" hostname="AlexandraPC" failures="0" tests="3" name="login test" time="42.282" errors="0" timestamp="2020-01-09T21:53:05 MSK">
  <testcase classname="by.stormnet.web.CommonTests" name="loginTest" time="3.513"/>
  <testcase classname="by.stormnet.web.CommonTests" name="onlinerTest" time="14.399"/>
  <testcase classname="by.stormnet.web.CommonTests" name="paginationTest" time="14.593"/>
</testsuite> <!-- login test -->
