<?xml version="1.0" encoding="UTF-8"?>
<testsuite xmlns:xsi="http://www.w3.org/2001/XMLSchema-instance" xsi:noNamespaceSchemaLocation="https://maven.apache.org/surefire/maven-surefire-plugin/xsd/surefire-test-report-3.0.xsd" version="3.0" name="TestSuite" time="79.168" tests="6" errors="0" skipped="4" failures="1">
  <properties>
[...]
</properties>
  <testcase name="addAndCheckItemInCart" classname="by.stormnet.web.CartTests" time="6.715"/>
  <testcase name="checkProfileAfterLogin" classname="by.stormnet.web.ProfileTest" time="0">
    <skipped message="no such window: target window already closed&#10;from unknown error: web view not found&#10;  (Session info: chrome=79.0.3945.117)&#10;Build info: version: &apos;3.141.59&apos;, revision: &apos;e82be7d358&apos;, time: &apos;2018-11-14T08:17:03&apos;&#10;System info: host: &apos;ALEXANDRAPC&apos;, ip: &apos;192.168.100.9&apos;, os.name: &apos;Windows 10&apos;, os.arch: &apos;amd64&apos;, os.version: &apos;10.0&apos;, java.version: &apos;13&apos;&#10;Driver info: org.openqa.selenium.chrome.ChromeDriver&#10;Capabilities {acceptInsecureCerts: false, browserName: chrome, browserVersion: 79.0.3945.117, chrome: {chromedriverVersion: 78.0.3904.105 (60e2d8774a81..., userDataDir: C:\Users\Lenovo\AppData\Loc...}, goog:chromeOptions: {debuggerAddress: localhost:64963}, javascriptEnabled: true, networkConnectionEnabled: false, pageLoadStrategy: normal, platform: XP, platformName: XP, proxy: Proxy(), setWindowRect: true, strictFileInteractability: false, timeouts: {implicit: 0, pageLoad: 300000, script: 30000}, unhandledPromptBehavior: dismiss and notify}&#10;Session ID: 543facbe017027c35180e08df6e40958&#10;*** Element info: {Using=xpath, value=//a[@class = &apos;link user-nav__link&apos; and text() = &apos;Профиль&apos;]}"/>
    <system-out><![CDATA[Expected condition failed: waiting for element to be clickable: By.xpath: //a[@class = 'link user-nav__link' and text() = 'Профиль'] (tried for 10 second(s) with 500 milliseconds interval)
]]></system-out>
  </testcase>
  <testcase name="checkProfileAfterLogin" classname="by.stormnet.web.ProfileTest" time="0">
    <skipped message="no such window: target window already closed&#10;from unknown error: web view not found&#10;  (Session info: chrome=79.0.3945.117)&#10;Build info: version: &apos;3.141.59&apos;, revision: &apos;e82be7d358&apos;, time: &apos;2018-11-14T08:17:03&apos;&#10;System info: host: &apos;ALEXANDRAPC&apos;, ip: &apos;192.168.100.9&apos;, os.name: &apos;Windows 10&apos;, os.arch: &apos;amd64&apos;, os.version: &apos;10.0&apos;, java.version: &apos;13&apos;&#10;Driver info: org.openqa.selenium.chrome.ChromeDriver&#10;Capabilities {acceptInsecureCerts: false, browserName: chrome, browserVersion: 79.0.3945.117, chrome: {chromedriverVersion: 78.0.3904.105 (60e2d8774a81..., userDataDir: C:\Users\Lenovo\AppData\Loc...}, goog:chromeOptions: {debuggerAddress: localhost:64963}, javascriptEnabled: true, networkConnectionEnabled: false, pageLoadStrategy: normal, platform: XP, platformName: XP, proxy: Proxy(), setWindowRect: true, strictFileInteractability: false, timeouts: {implicit: 0, pageLoad: 300000, script: 30000}, unhandledPromptBehavior: dismiss and notify}&#10;Session ID: 543facbe017027c35180e08df6e40958&#10;*** Element info: {Using=xpath, value=//a[@class = &apos;link user-nav__link&apos; and text() = &apos;Профиль&apos;]}"/>
    <system-out><![CDATA[Expected condition failed: waiting for element to be clickable: By.xpath: //a[@class = 'link user-nav__link' and text() = 'Профиль'] (tried for 10 second(s) with 500 milliseconds interval)
]]></system-out>
  </testcase>
  <testcase name="checkProfileAfterLogin" classname="by.stormnet.web.ProfileTest" time="0">
    <skipped message="no such window: target window already closed&#10;from unknown error: web view not found&#10;  (Session info: chrome=79.0.3945.117)&#10;Build info: version: &apos;3.141.59&apos;, revision: &apos;e82be7d358&apos;, time: &apos;2018-11-14T08:17:03&apos;&#10;System info: host: &apos;ALEXANDRAPC&apos;, ip: &apos;192.168.100.9&apos;, os.name: &apos;Windows 10&apos;, os.arch: &apos;amd64&apos;, os.version: &apos;10.0&apos;, java.version: &apos;13&apos;&#10;Driver info: org.openqa.selenium.chrome.ChromeDriver&#10;Capabilities {acceptInsecureCerts: false, browserName: chrome, browserVersion: 79.0.3945.117, chrome: {chromedriverVersion: 78.0.3904.105 (60e2d8774a81..., userDataDir: C:\Users\Lenovo\AppData\Loc...}, goog:chromeOptions: {debuggerAddress: localhost:64963}, javascriptEnabled: true, networkConnectionEnabled: false, pageLoadStrategy: normal, platform: XP, platformName: XP, proxy: Proxy(), setWindowRect: true, strictFileInteractability: false, timeouts: {implicit: 0, pageLoad: 300000, script: 30000}, unhandledPromptBehavior: dismiss and notify}&#10;Session ID: 543facbe017027c35180e08df6e40958&#10;*** Element info: {Using=xpath, value=//a[@class = &apos;link user-nav__link&apos; and text() = &apos;Профиль&apos;]}"/>
    <system-out><![CDATA[Expected condition failed: waiting for element to be clickable: By.xpath: //a[@class = 'link user-nav__link' and text() = 'Профиль'] (tried for 10 second(s) with 500 milliseconds interval)
]]></system-out>
  </testcase>
  <testcase name="checkProfileAfterLogin" classname="by.stormnet.web.ProfileTest" time="0">
    <skipped message="no such window: target window already closed&#10;from unknown error: web view not found&#10;  (Session info: chrome=79.0.3945.117)&#10;Build info: version: &apos;3.141.59&apos;, revision: &apos;e82be7d358&apos;, time: &apos;2018-11-14T08:17:03&apos;&#10;System info: host: &apos;ALEXANDRAPC&apos;, ip: &apos;192.168.100.9&apos;, os.name: &apos;Windows 10&apos;, os.arch: &apos;amd64&apos;, os.version: &apos;10.0&apos;, java.version: &apos;13&apos;&#10;Driver info: org.openqa.selenium.chrome.ChromeDriver&#10;Capabilities {acceptInsecureCerts: false, browserName: chrome, browserVersion: 79.0.3945.117, chrome: {chromedriverVersion: 78.0.3904.105 (60e2d8774a81..., userDataDir: C:\Users\Lenovo\AppData\Loc...}, goog:chromeOptions: {debuggerAddress: localhost:64963}, javascriptEnabled: true, networkConnectionEnabled: false, pageLoadStrategy: normal, platform: XP, platformName: XP, proxy: Proxy(), setWindowRect: true, strictFileInteractability: false, timeouts: {implicit: 0, pageLoad: 300000, script: 30000}, unhandledPromptBehavior: dismiss and notify}&#10;Session ID: 543facbe017027c35180e08df6e40958&#10;*** Element info: {Using=xpath, value=//a[@class = &apos;link user-nav__link&apos; and text() = &apos;Профиль&apos;]}"/>
    <system-out><![CDATA[Expected condition failed: waiting for element to be clickable: By.xpath: //a[@class = 'link user-nav__link' and text() = 'Профиль'] (tried for 10 second(s) with 500 milliseconds interval)
]]></system-out>
  </testcase>
  <testcase name="checkProfileAfterLogin" classname="by.stormnet.web.ProfileTest" time="10.254">
    <failure message="no such window: target window already closed&#10;from unknown error: web view not found&#10;  (Session info: chrome=79.0.3945.117)&#10;Build info: version: &apos;3.141.59&apos;, revision: &apos;e82be7d358&apos;, time: &apos;2018-11-14T08:17:03&apos;&#10;System info: host: &apos;ALEXANDRAPC&apos;, ip: &apos;192.168.100.9&apos;, os.name: &apos;Windows 10&apos;, os.arch: &apos;amd64&apos;, os.version: &apos;10.0&apos;, java.version: &apos;13&apos;&#10;Driver info: org.openqa.selenium.chrome.ChromeDriver&#10;Capabilities {acceptInsecureCerts: false, browserName: chrome, browserVersion: 79.0.3945.117, chrome: {chromedriverVersion: 78.0.3904.105 (60e2d8774a81..., userDataDir: C:\Users\Lenovo\AppData\Loc...}, goog:chromeOptions: {debuggerAddress: localhost:64963}, javascriptEnabled: true, networkConnectionEnabled: false, pageLoadStrategy: normal, platform: XP, platformName: XP, proxy: Proxy(), setWindowRect: true, strictFileInteractability: false, timeouts: {implicit: 0, pageLoad: 300000, script: 30000}, unhandledPromptBehavior: dismiss and notify}&#10;Session ID: 543facbe017027c35180e08df6e40958&#10;*** Element info: {Using=xpath, value=//a[@class = &apos;link user-nav__link&apos; and text() = &apos;Профиль&apos;]}" type="org.openqa.selenium.NoSuchWindowException"><![CDATA[org.openqa.selenium.NoSuchWindowException: 
no such window: target window already closed
from unknown error: web view not found
  (Session info: chrome=79.0.3945.117)
Build info: version: '3.141.59', revision: 'e82be7d358', time: '2018-11-14T08:17:03'
System info: host: 'ALEXANDRAPC', ip: '192.168.100.9', os.name: 'Windows 10', os.arch: 'amd64', os.version: '10.0', java.version: '13'
Driver info: org.openqa.selenium.chrome.ChromeDriver
Capabilities {acceptInsecureCerts: false, browserName: chrome, browserVersion: 79.0.3945.117, chrome: {chromedriverVersion: 78.0.3904.105 (60e2d8774a81..., userDataDir: C:\Users\Lenovo\AppData\Loc...}, goog:chromeOptions: {debuggerAddress: localhost:64963}, javascriptEnabled: true, networkConnectionEnabled: false, pageLoadStrategy: normal, platform: XP, platformName: XP, proxy: Proxy(), setWindowRect: true, strictFileInteractability: false, timeouts: {implicit: 0, pageLoad: 300000, script: 30000}, unhandledPromptBehavior: dismiss and notify}
Session ID: 543facbe017027c35180e08df6e40958
*** Element info: {Using=xpath, value=//a[@class = 'link user-nav__link' and text() = 'Профиль']}
	at by.stormnet.web.ProfileTest.checkProfileAfterLogin(ProfileTest.java:25)
]]></failure>
    <system-out><![CDATA[Expected condition failed: waiting for element to be clickable: By.xpath: //a[@class = 'link user-nav__link' and text() = 'Профиль'] (tried for 10 second(s) with 500 milliseconds interval)
]]></system-out>
  </testcase>
</testsuite>